This is pdfTeX, Version 3.1415926-2.5-1.40.14 (TeX Live 2013) (format=pdflatex 2013.5.30)  22 JAN 2015 23:46
entering extended mode
 restricted \write18 enabled.
 file:line:error style messages enabled.
 %&-line parsing enabled.
**galfastBulgeSummary.tex
(./galfastBulgeSummary.tex
LaTeX2e <2011/06/27>
Babel <3.9f> and hyphenation patterns for 78 languages loaded.
(/usr/local/texlive/2013/texmf-dist/tex/latex/aastex/aastex.cls
Document Class: aastex 2005/06/22 5.2/AAS markup document class
Class aastex Info: Original \LaTeX2.09 style by Chris Biemesderfer (chris@seago
at.com). Adapted to \LaTeXe by A. Ogawa (ogawa@teleport.com) on input line 83.
(/usr/local/texlive/2013/texmf-dist/tex/latex/base/article.cls
Document Class: article 2007/10/19 v1.4h Standard LaTeX document class
(/usr/local/texlive/2013/texmf-dist/tex/latex/base/size11.clo
File: size11.clo 2007/10/19 v1.4h Standard LaTeX file (size option)
)
\c@part=\count79
\c@section=\count80
\c@subsection=\count81
\c@subsubsection=\count82
\c@paragraph=\count83
\c@subparagraph=\count84
\c@figure=\count85
\c@table=\count86
\abovecaptionskip=\skip41
\belowcaptionskip=\skip42
\bibindent=\dimen102
)
(/usr/local/texlive/2013/texmf-dist/tex/latex/base/latexsym.sty
Package: latexsym 1998/08/17 v2.2e Standard LaTeX package (lasy symbols)
\symlasy=\mathgroup4
LaTeX Font Info:    Overwriting symbol font `lasy' in version `bold'
(Font)                  U/lasy/m/n --> U/lasy/b/n on input line 47.
)
(/usr/local/texlive/2013/texmf-dist/tex/latex/graphics/graphicx.sty
Package: graphicx 1999/02/16 v1.0f Enhanced LaTeX Graphics (DPC,SPQR)

(/usr/local/texlive/2013/texmf-dist/tex/latex/graphics/keyval.sty
Package: keyval 1999/03/16 v1.13 key=value parser (DPC)
\KV@toks@=\toks14
)
(/usr/local/texlive/2013/texmf-dist/tex/latex/graphics/graphics.sty
Package: graphics 2009/02/05 v1.0o Standard LaTeX Graphics (DPC,SPQR)

(/usr/local/texlive/2013/texmf-dist/tex/latex/graphics/trig.sty
Package: trig 1999/03/16 v1.09 sin cos tan (DPC)
)
(/usr/local/texlive/2013/texmf-dist/tex/latex/latexconfig/graphics.cfg
File: graphics.cfg 2010/04/23 v1.9 graphics configuration of TeX Live
)
Package graphics Info: Driver file: pdftex.def on input line 91.

(/usr/local/texlive/2013/texmf-dist/tex/latex/pdftex-def/pdftex.def
File: pdftex.def 2011/05/27 v0.06d Graphics/color for pdfTeX

(/usr/local/texlive/2013/texmf-dist/tex/generic/oberdiek/infwarerr.sty
Package: infwarerr 2010/04/08 v1.3 Providing info/warning/error messages (HO)
)
(/usr/local/texlive/2013/texmf-dist/tex/generic/oberdiek/ltxcmds.sty
Package: ltxcmds 2011/11/09 v1.22 LaTeX kernel commands for general use (HO)
)
\Gread@gobject=\count87
))
\Gin@req@height=\dimen103
\Gin@req@width=\dimen104
)
(/usr/local/texlive/2013/texmf-dist/tex/latex/amsfonts/amssymb.sty
Package: amssymb 2013/01/14 v3.01 AMS font symbols

(/usr/local/texlive/2013/texmf-dist/tex/latex/amsfonts/amsfonts.sty
Package: amsfonts 2013/01/14 v3.01 Basic AMSFonts support
\@emptytoks=\toks15
\symAMSa=\mathgroup5
\symAMSb=\mathgroup6
LaTeX Font Info:    Overwriting math alphabet `\mathfrak' in version `bold'
(Font)                  U/euf/m/n --> U/euf/b/n on input line 106.
))
(/usr/local/texlive/2013/texmf-dist/tex/latex/natbib/natbib.sty
Package: natbib 2010/09/13 8.31b (PWD, AO)
\bibhang=\skip43
\bibsep=\skip44
LaTeX Info: Redefining \cite on input line 694.
\c@NAT@ctr=\count88
)
(/usr/local/texlive/2013/texmf-dist/tex/latex/tools/verbatim.sty
Package: verbatim 2003/08/22 v1.5q LaTeX2e package for verbatim enhancements
\every@verbatim=\toks16
\verbatim@line=\toks17
\verbatim@in@stream=\read1
)
\@slugcmmntwidth=\dimen105
\abstract@box=\box26
\c@editornote=\count89
\c@cureqno=\count90
\tnotemarkskip=\skip45
\@abovenoteskip=\dimen106
\pt@box=\box27
\pt@width=\dimen107
\pt@line=\count91
\pt@column=\count92
\pt@nlines=\count93
\pt@ncol=\count94
\pt@page=\count95
\tabbaseskip=\dimen108
\pt@tmpcapwidth=\dimen109
\spew@tblnotesbox=\box28
\restof@tblnotesbox=\box29
\noteheight=\dimen110
\pt@tabnoteminht=\dimen111
\firsttabskip=\dimen112
\captionbox=\box30
\pt@reduceline=\dimen113
\extra@vspace=\dimen114
\c@plate=\count96
\my@footins=\box31
)
(/usr/local/texlive/2013/texmf-dist/tex/latex/was/gensymb.sty
Package: gensymb 2003/07/02 v1.0 (WaS)
)
(./galfastBulgeSummary.aux)
\openout1 = `galfastBulgeSummary.aux'.

LaTeX Font Info:    Checking defaults for OML/cmm/m/it on input line 4.
LaTeX Font Info:    ... okay on input line 4.
LaTeX Font Info:    Checking defaults for T1/cmr/m/n on input line 4.
LaTeX Font Info:    ... okay on input line 4.
LaTeX Font Info:    Checking defaults for OT1/cmr/m/n on input line 4.
LaTeX Font Info:    ... okay on input line 4.
LaTeX Font Info:    Checking defaults for OMS/cmsy/m/n on input line 4.
LaTeX Font Info:    ... okay on input line 4.
LaTeX Font Info:    Checking defaults for OMX/cmex/m/n on input line 4.
LaTeX Font Info:    ... okay on input line 4.
LaTeX Font Info:    Checking defaults for U/cmr/m/n on input line 4.
LaTeX Font Info:    ... okay on input line 4.

(/usr/local/texlive/2013/texmf-dist/tex/context/base/supp-pdf.mkii
[Loading MPS to PDF converter (version 2006.09.02).]
\scratchcounter=\count97
\scratchdimen=\dimen115
\scratchbox=\box32
\nofMPsegments=\count98
\nofMParguments=\count99
\everyMPshowfont=\toks18
\MPscratchCnt=\count100
\MPscratchDim=\dimen116
\MPnumerator=\count101
\makeMPintoPDFobject=\count102
\everyMPtoPDFconversion=\toks19
) (/usr/local/texlive/2013/texmf-dist/tex/generic/oberdiek/pdftexcmds.sty
Package: pdftexcmds 2011/11/29 v0.20 Utility functions of pdfTeX for LuaTeX (HO
)

(/usr/local/texlive/2013/texmf-dist/tex/generic/oberdiek/ifluatex.sty
Package: ifluatex 2010/03/01 v1.3 Provides the ifluatex switch (HO)
Package ifluatex Info: LuaTeX not detected.
)
(/usr/local/texlive/2013/texmf-dist/tex/generic/oberdiek/ifpdf.sty
Package: ifpdf 2011/01/30 v2.3 Provides the ifpdf switch (HO)
Package ifpdf Info: pdfTeX in PDF mode is detected.
)
Package pdftexcmds Info: LuaTeX not detected.
Package pdftexcmds Info: \pdf@primitive is available.
Package pdftexcmds Info: \pdf@ifprimitive is available.
Package pdftexcmds Info: \pdfdraftmode found.
)
(/usr/local/texlive/2013/texmf-dist/tex/latex/oberdiek/epstopdf-base.sty
Package: epstopdf-base 2010/02/09 v2.5 Base part for package epstopdf

(/usr/local/texlive/2013/texmf-dist/tex/latex/oberdiek/grfext.sty
Package: grfext 2010/08/19 v1.1 Manage graphics extensions (HO)

(/usr/local/texlive/2013/texmf-dist/tex/generic/oberdiek/kvdefinekeys.sty
Package: kvdefinekeys 2011/04/07 v1.3 Define keys (HO)
))
(/usr/local/texlive/2013/texmf-dist/tex/latex/oberdiek/kvoptions.sty
Package: kvoptions 2011/06/30 v3.11 Key value format for package options (HO)

(/usr/local/texlive/2013/texmf-dist/tex/generic/oberdiek/kvsetkeys.sty
Package: kvsetkeys 2012/04/25 v1.16 Key value parser (HO)

(/usr/local/texlive/2013/texmf-dist/tex/generic/oberdiek/etexcmds.sty
Package: etexcmds 2011/02/16 v1.5 Avoid name clashes with e-TeX commands (HO)
Package etexcmds Info: Could not find \expanded.
(etexcmds)             That can mean that you are not using pdfTeX 1.50 or
(etexcmds)             that some package has redefined \expanded.
(etexcmds)             In the latter case, load this package earlier.
)))
Package grfext Info: Graphics extension search list:
(grfext)             [.png,.pdf,.jpg,.mps,.jpeg,.jbig2,.jb2,.PNG,.PDF,.JPG,.JPE
G,.JBIG2,.JB2,.eps]
(grfext)             \AppendGraphicsExtensions on input line 452.

(/usr/local/texlive/2013/texmf-dist/tex/latex/latexconfig/epstopdf-sys.cfg
File: epstopdf-sys.cfg 2010/07/13 v1.3 Configuration of (r)epstopdf for TeX Liv
e
))
AAS preprint substyle, v5.2 <12 Dec 2003>.
LaTeX Info: Redefining \celsius on input line 4.
Package gensymb Info: Faking symbols for \degree and \celsius on input line 4.

Package gensymb Warning: Not defining \perthousand.

LaTeX Info: Redefining \ohm on input line 4.
Package gensymb Info: Using \Omega for \ohm on input line 4.

Package gensymb Warning: Not defining \micro.

LaTeX Font Info:    Try loading font information for U+lasy on input line 12.
(/usr/local/texlive/2013/texmf-dist/tex/latex/base/ulasy.fd
File: ulasy.fd 1998/08/17 v2.2e LaTeX symbol font definitions
)
LaTeX Font Info:    Try loading font information for U+msa on input line 12.

(/usr/local/texlive/2013/texmf-dist/tex/latex/amsfonts/umsa.fd
File: umsa.fd 2013/01/14 v3.01 AMS symbols A
)
LaTeX Font Info:    Try loading font information for U+msb on input line 12.

(/usr/local/texlive/2013/texmf-dist/tex/latex/amsfonts/umsb.fd
File: umsb.fd 2013/01/14 v3.01 AMS symbols B
) [1

{/usr/local/texlive/2013/texmf-var/fonts/map/pdftex/updmap/pdftex.map}]
LaTeX Font Info:    Try loading font information for OMS+cmr on input line 31.

(/usr/local/texlive/2013/texmf-dist/tex/latex/base/omscmr.fd
File: omscmr.fd 1999/05/25 v2.5h Standard LaTeX font definitions
)
LaTeX Font Info:    Font shape `OMS/cmr/m/n' in size <10.95> not available
(Font)              Font shape `OMS/cmsy/m/n' tried instead on input line 31.
 [2] [3] [4]
[5]
Missing character: There is no é in font cmr10!
Missing character: There is no è in font cmr10!

Plotone included the file plots/vvvModelsLumFunc.png
<plots/vvvModelsLumFunc.png, id=28, 578.16pt x 433.62pt>
File: plots/vvvModelsLumFunc.png Graphic file (type png)

<use plots/vvvModelsLumFunc.png>
Package pdftex.def Info: plots/vvvModelsLumFunc.png used on input line 76.
(pdftex.def)             Requested size: 469.75499pt x 352.31538pt.

Plotone included the file plots/thinCounts.png
<plots/thinCounts.png, id=30, 578.16pt x 433.62pt>
File: plots/thinCounts.png Graphic file (type png)
 <use plots/thinCounts.png>
Package pdftex.def Info: plots/thinCounts.png used on input line 81.
(pdftex.def)             Requested size: 469.75499pt x 352.31538pt.

Plotone included the file plots/thickCounts.png
<plots/thickCounts.png, id=31, 578.16pt x 433.62pt>
File: plots/thickCounts.png Graphic file (type png)

<use plots/thickCounts.png>
Package pdftex.def Info: plots/thickCounts.png used on input line 86.
(pdftex.def)             Requested size: 469.75499pt x 352.31538pt.

Plotone included the file plots/bulgeCounts.png
<plots/bulgeCounts.png, id=32, 578.16pt x 433.62pt>
File: plots/bulgeCounts.png Graphic file (type png)

<use plots/bulgeCounts.png>
Package pdftex.def Info: plots/bulgeCounts.png used on input line 91.
(pdftex.def)             Requested size: 469.75499pt x 352.31538pt.

Plotone included the file plots/conversionsRatio.png
<plots/conversionsRatio.png, id=33, 578.16pt x 433.62pt>
File: plots/conversionsRatio.png Graphic file (type png)

<use plots/conversionsRatio.png>
Package pdftex.def Info: plots/conversionsRatio.png used on input line 96.
(pdftex.def)             Requested size: 469.75499pt x 352.31538pt.

Plotone included the file plots/lumFuncModified.png
<plots/lumFuncModified.png, id=34, 578.16pt x 433.62pt>
File: plots/lumFuncModified.png Graphic file (type png)

<use plots/lumFuncModified.png>
Package pdftex.def Info: plots/lumFuncModified.png used on input line 101.
(pdftex.def)             Requested size: 469.75499pt x 352.31538pt.
 [6] [7 <./plots/vvvModelsLumFunc.png>] [8 <./plots/thinCounts.png>] [9 <./plot
s/thickCounts.png>] [10 <./plots/bulgeCounts.png>] [11 <./plots/conversionsRati
o.png>] [12 <./plots/lumFuncModified.png>]
Plotone included the file plots/galfastVCounts.png
<plots/galfastVCounts.png, id=63, 578.16pt x 433.62pt>
File: plots/galfastVCounts.png Graphic file (type png)

<use plots/galfastVCounts.png>
Package pdftex.def Info: plots/galfastVCounts.png used on input line 108.
(pdftex.def)             Requested size: 469.75499pt x 352.31538pt.

Plotone included the file plots/besanconVCounts.png
<plots/besanconVCounts.png, id=64, 578.16pt x 433.62pt>
File: plots/besanconVCounts.png Graphic file (type png)

<use plots/besanconVCounts.png>
Package pdftex.def Info: plots/besanconVCounts.png used on input line 113.
(pdftex.def)             Requested size: 469.75499pt x 352.31538pt.

Plotone included the file plots/trilegalVCounts.png
<plots/trilegalVCounts.png, id=65, 578.16pt x 433.62pt>
File: plots/trilegalVCounts.png Graphic file (type png)

<use plots/trilegalVCounts.png>
Package pdftex.def Info: plots/trilegalVCounts.png used on input line 118.
(pdftex.def)             Requested size: 469.75499pt x 352.31538pt.

Plotone included the file plots/stripe82/310.png
<plots/stripe82/310.png, id=66, 578.16pt x 433.62pt>
File: plots/stripe82/310.png Graphic file (type png)

<use plots/stripe82/310.png>
Package pdftex.def Info: plots/stripe82/310.png used on input line 123.
(pdftex.def)             Requested size: 469.75499pt x 352.31538pt.

Plotone included the file plots/stripe82/330.png
<plots/stripe82/330.png, id=67, 578.16pt x 433.62pt>
File: plots/stripe82/330.png Graphic file (type png)

<use plots/stripe82/330.png>
Package pdftex.def Info: plots/stripe82/330.png used on input line 128.
(pdftex.def)             Requested size: 469.75499pt x 352.31538pt.

Plotone included the file plots/stripe82/350.png
<plots/stripe82/350.png, id=68, 578.16pt x 433.62pt>
File: plots/stripe82/350.png Graphic file (type png)

<use plots/stripe82/350.png>
Package pdftex.def Info: plots/stripe82/350.png used on input line 133.
(pdftex.def)             Requested size: 469.75499pt x 352.31538pt.

Plotone included the file plots/stripe82/010.png
<plots/stripe82/010.png, id=69, 578.16pt x 433.62pt>
File: plots/stripe82/010.png Graphic file (type png)

<use plots/stripe82/010.png>
Package pdftex.def Info: plots/stripe82/010.png used on input line 138.
(pdftex.def)             Requested size: 469.75499pt x 352.31538pt.

Plotone included the file plots/stripe82/030.png
<plots/stripe82/030.png, id=70, 578.16pt x 433.62pt>
File: plots/stripe82/030.png Graphic file (type png)

<use plots/stripe82/030.png>
Package pdftex.def Info: plots/stripe82/030.png used on input line 143.
(pdftex.def)             Requested size: 469.75499pt x 352.31538pt.

Plotone included the file plots/stripe82/050.png
<plots/stripe82/050.png, id=71, 578.16pt x 433.62pt>
File: plots/stripe82/050.png Graphic file (type png)

<use plots/stripe82/050.png>
Package pdftex.def Info: plots/stripe82/050.png used on input line 148.
(pdftex.def)             Requested size: 469.75499pt x 352.31538pt.

Plotone included the file plots/galBesGMI.png
<plots/galBesGMI.png, id=72, 578.16pt x 433.62pt>
File: plots/galBesGMI.png Graphic file (type png)
 <use plots/galBesGMI.png>
Package pdftex.def Info: plots/galBesGMI.png used on input line 153.
(pdftex.def)             Requested size: 469.75499pt x 352.31538pt.

Plotone included the file plots/besVMI.png
<plots/besVMI.png, id=73, 578.16pt x 433.62pt>
File: plots/besVMI.png Graphic file (type png)
 <use plots/besVMI.png>
Package pdftex.def Info: plots/besVMI.png used on input line 158.
(pdftex.def)             Requested size: 469.75499pt x 352.31538pt.

Plotone included the file plots/bes310gmiCompare.png
<plots/bes310gmiCompare.png, id=74, 578.16pt x 433.62pt>
File: plots/bes310gmiCompare.png Graphic file (type png)

<use plots/bes310gmiCompare.png>
Package pdftex.def Info: plots/bes310gmiCompare.png used on input line 163.
(pdftex.def)             Requested size: 469.75499pt x 352.31538pt.

Plotone included the file plots/bes030gmiCompare.png
<plots/bes030gmiCompare.png, id=75, 578.16pt x 433.62pt>
File: plots/bes030gmiCompare.png Graphic file (type png)

<use plots/bes030gmiCompare.png>
Package pdftex.def Info: plots/bes030gmiCompare.png used on input line 168.
(pdftex.def)             Requested size: 469.75499pt x 352.31538pt.
 [13 <./plots/galfastVCounts.png>] [14 <./plots/besanconVCounts.png>] [15 <./pl
ots/trilegalVCounts.png>] [16 <./plots/stripe82/310.png>] [17 <./plots/stripe82
/330.png>] [18 <./plots/stripe82/350.png>]
[19 <./plots/stripe82/010.png>] [20 <./plots/stripe82/030.png>] [21 <./plots/st
ripe82/050.png>] [22 <./plots/galBesGMI.png>] [23 <./plots/besVMI.png>]
[24 <./plots/bes310gmiCompare.png>] [25 <./plots/bes030gmiCompare.png>]
(./galfastBulgeSummary.aux)

LaTeX Warning: Label(s) may have changed. Rerun to get cross-references right.

 ) 
Here is how much of TeX's memory you used:
 2934 strings out of 493315
 39597 string characters out of 6137904
 99445 words of memory out of 5000000
 6323 multiletter control sequences out of 15000+600000
 11921 words of font info for 49 fonts, out of 8000000 for 9000
 957 hyphenation exceptions out of 8191
 38i,8n,28p,2326b,256s stack positions out of 5000i,500n,10000p,200000b,80000s
</usr/local/texlive/2013/texmf-dist/fonts/type1/public/amsfonts/cm/cmbx10.pfb
></usr/local/texlive/2013/texmf-dist/fonts/type1/public/amsfonts/cm/cmbx12.pfb>
</usr/local/texlive/2013/texmf-dist/fonts/type1/public/amsfonts/cm/cmmi10.pfb><
/usr/local/texlive/2013/texmf-dist/fonts/type1/public/amsfonts/cm/cmmi8.pfb></u
sr/local/texlive/2013/texmf-dist/fonts/type1/public/amsfonts/cm/cmr10.pfb></usr
/local/texlive/2013/texmf-dist/fonts/type1/public/amsfonts/cm/cmr6.pfb></usr/lo
cal/texlive/2013/texmf-dist/fonts/type1/public/amsfonts/cm/cmr8.pfb></usr/local
/texlive/2013/texmf-dist/fonts/type1/public/amsfonts/cm/cmr9.pfb></usr/local/te
xlive/2013/texmf-dist/fonts/type1/public/amsfonts/cm/cmsy10.pfb></usr/local/tex
live/2013/texmf-dist/fonts/type1/public/amsfonts/cm/cmsy8.pfb>
Output written on galfastBulgeSummary.pdf (25 pages, 902951 bytes).
PDF statistics:
 164 PDF objects out of 1000 (max. 8388607)
 88 compressed objects within 1 object stream
 0 named destinations out of 1000 (max. 500000)
 96 words of extra memory for PDF output out of 10000 (max. 10000000)

